<?xml version="1.0" encoding="UTF-8"?>
<!-- Generated by org.testng.reporters.JUnitReportReporter -->
<testsuite hostname="SAMIR-SANDILYA" failures="0" tests="2" name="com.actitime.testscript.ProjectModule" time="19.796" errors="0" timestamp="2024-11-20T18:03:14 IST" skipped="0">
  <testcase classname="com.actitime.testscript.ProjectModule" name="createProject" time="6.557"/>
  <system-out/>
  <testcase classname="com.actitime.testscript.ProjectModule" name="deleteProject" time="13.239"/>
  <system-out/>
</testsuite> <!-- com.actitime.testscript.ProjectModule -->
