<?xml version="1.0" encoding="UTF-8"?>
<!-- Generated by org.testng.reporters.JUnitReportReporter -->
<testsuite hostname="SAMIR-SANDILYA" failures="0" tests="2" name="com.actitime.testscript.CustomerModule" time="18.794" errors="0" timestamp="2024-11-20T18:03:14 IST" skipped="0">
  <testcase classname="com.actitime.testscript.CustomerModule" name="deleteCustomer" time="11.201"/>
  <system-out>
    <![CDATA[deleteCustomer has been passed]]>
  </system-out>
  <testcase classname="com.actitime.testscript.CustomerModule" name="createCustomer" time="7.593"/>
  <system-out>
    <![CDATA[createCustomer has been passed]]>
  </system-out>
</testsuite> <!-- com.actitime.testscript.CustomerModule -->
